<?xml version="1.0" encoding="UTF-8"?>
<!-- Generated by org.testng.reporters.JUnitReportReporter -->
<testsuite hostname="DESKTOP-1UR5ED5" failures="1" tests="1" name="com.qa.raf.Jsschema" time="2.008" errors="0" timestamp="2023-10-18T17:20:56 IST" skipped="0">
  <testcase classname="com.qa.raf.Jsschema" name="schemaValidator" time="2.008">
    <failure message="1 expectation failed.
Response body doesn&#039;t match expectation.
Expected: The content to match the given JSON schema.
error: instance type (array) does not match any allowed primitive type (allowed: [&quot;object&quot;])
    level: &quot;error&quot;
    schema: {&quot;loadingURI&quot;:&quot;file:/C:/Users/RAM79/eclipse-workspace/javaprograms/RestAssuredFW/target/test-classes/jsonSchema.json#&quot;,&quot;pointer&quot;:&quot;&quot;}
    instance: {&quot;pointer&quot;:&quot;&quot;}
    domain: &quot;validation&quot;
    keyword: &quot;type&quot;
    found: &quot;array&quot;
    expected: [&quot;object&quot;]

  Actual: [
  {
    &quot;id&quot;: 7,
    &quot;email&quot;: &quot;michael.lawson@reqres.in&quot;,
    &quot;first_name&quot;: &quot;Michael&quot;,
    &quot;last_name&quot;: &quot;Lawson&quot;,
    &quot;avatar&quot;: &quot;https://reqres.in/img/faces/7-image.jpg&quot;
  },
  {
    &quot;id&quot;: 8,
    &quot;email&quot;: &quot;lindsay.ferguson@reqres.in&quot;,
    &quot;first_name&quot;: &quot;Lindsay&quot;,
    &quot;last_name&quot;: &quot;Ferguson&quot;,
    &quot;avatar&quot;: &quot;https://reqres.in/img/faces/8-image.jpg&quot;
  },
  {
    &quot;id&quot;: 9,
    &quot;email&quot;: &quot;tobias.funke@reqres.in&quot;,
    &quot;first_name&quot;: &quot;Tobias&quot;,
    &quot;last_name&quot;: &quot;Funke&quot;,
    &quot;avatar&quot;: &quot;https://reqres.in/img/faces/9-image.jpg&quot;
  },
  {
    &quot;id&quot;: 10,
    &quot;email&quot;: &quot;byron.fields@reqres.in&quot;,
    &quot;first_name&quot;: &quot;Byron&quot;,
    &quot;last_name&quot;: &quot;Fields&quot;,
    &quot;avatar&quot;: &quot;https://reqres.in/img/faces/10-image.jpg&quot;
  },
  {
    &quot;id&quot;: 11,
    &quot;email&quot;: &quot;george.edwards@reqres.in&quot;,
    &quot;first_name&quot;: &quot;George&quot;,
    &quot;last_name&quot;: &quot;Edwards&quot;,
    &quot;avatar&quot;: &quot;https://reqres.in/img/faces/11-image.jpg&quot;
  },
  {
    &quot;id&quot;: 12,
    &quot;email&quot;: &quot;rachel.howell@reqres.in&quot;,
    &quot;first_name&quot;: &quot;Rachel&quot;,
    &quot;last_name&quot;: &quot;Howell&quot;,
    &quot;avatar&quot;: &quot;https://reqres.in/img/faces/12-image.jpg&quot;
  }
]
" type="java.lang.AssertionError">
      <![CDATA[java.lang.AssertionError: 1 expectation failed.
Response body doesn't match expectation.
Expected: The content to match the given JSON schema.
error: instance type (array) does not match any allowed primitive type (allowed: ["object"])
    level: "error"
    schema: {"loadingURI":"file:/C:/Users/RAM79/eclipse-workspace/javaprograms/RestAssuredFW/target/test-classes/jsonSchema.json#","pointer":""}
    instance: {"pointer":""}
    domain: "validation"
    keyword: "type"
    found: "array"
    expected: ["object"]

  Actual: [
  {
    "id": 7,
    "email": "michael.lawson@reqres.in",
    "first_name": "Michael",
    "last_name": "Lawson",
    "avatar": "https://reqres.in/img/faces/7-image.jpg"
  },
  {
    "id": 8,
    "email": "lindsay.ferguson@reqres.in",
    "first_name": "Lindsay",
    "last_name": "Ferguson",
    "avatar": "https://reqres.in/img/faces/8-image.jpg"
  },
  {
    "id": 9,
    "email": "tobias.funke@reqres.in",
    "first_name": "Tobias",
    "last_name": "Funke",
    "avatar": "https://reqres.in/img/faces/9-image.jpg"
  },
  {
    "id": 10,
    "email": "byron.fields@reqres.in",
    "first_name": "Byron",
    "last_name": "Fields",
    "avatar": "https://reqres.in/img/faces/10-image.jpg"
  },
  {
    "id": 11,
    "email": "george.edwards@reqres.in",
    "first_name": "George",
    "last_name": "Edwards",
    "avatar": "https://reqres.in/img/faces/11-image.jpg"
  },
  {
    "id": 12,
    "email": "rachel.howell@reqres.in",
    "first_name": "Rachel",
    "last_name": "Howell",
    "avatar": "https://reqres.in/img/faces/12-image.jpg"
  }
]

at java.base/jdk.internal.reflect.NativeConstructorAccessorImpl.newInstance0(Native Method)
at java.base/jdk.internal.reflect.NativeConstructorAccessorImpl.newInstance(NativeConstructorAccessorImpl.java:77)
at java.base/jdk.internal.reflect.DelegatingConstructorAccessorImpl.newInstance(DelegatingConstructorAccessorImpl.java:45)
at java.base/java.lang.reflect.Constructor.newInstanceWithCaller(Constructor.java:499)
at java.base/java.lang.reflect.Constructor.newInstance(Constructor.java:480)
at org.codehaus.groovy.reflection.CachedConstructor.invoke(CachedConstructor.java:73)
at org.codehaus.groovy.runtime.callsite.ConstructorSite$ConstructorSiteNoUnwrapNoCoerce.callConstructor(ConstructorSite.java:108)
at org.codehaus.groovy.runtime.callsite.CallSiteArray.defaultCallConstructor(CallSiteArray.java:57)
at org.codehaus.groovy.runtime.callsite.AbstractCallSite.callConstructor(AbstractCallSite.java:263)
at org.codehaus.groovy.runtime.callsite.AbstractCallSite.callConstructor(AbstractCallSite.java:277)
at io.restassured.internal.ResponseSpecificationImpl$HamcrestAssertionClosure.validate(ResponseSpecificationImpl.groovy:512)
at io.restassured.internal.ResponseSpecificationImpl$HamcrestAssertionClosure$validate$1.call(Unknown Source)
at org.codehaus.groovy.runtime.callsite.CallSiteArray.defaultCall(CallSiteArray.java:45)
at org.codehaus.groovy.runtime.callsite.AbstractCallSite.call(AbstractCallSite.java:125)
at org.codehaus.groovy.runtime.callsite.AbstractCallSite.call(AbstractCallSite.java:139)
at io.restassured.internal.ResponseSpecificationImpl.validateResponseIfRequired(ResponseSpecificationImpl.groovy:696)
at io.restassured.internal.ResponseSpecificationImpl.this$2$validateResponseIfRequired(ResponseSpecificationImpl.groovy)
at java.base/jdk.internal.reflect.NativeMethodAccessorImpl.invoke0(Native Method)
at java.base/jdk.internal.reflect.NativeMethodAccessorImpl.invoke(NativeMethodAccessorImpl.java:77)
at java.base/jdk.internal.reflect.DelegatingMethodAccessorImpl.invoke(DelegatingMethodAccessorImpl.java:43)
at java.base/java.lang.reflect.Method.invoke(Method.java:568)
at org.codehaus.groovy.runtime.callsite.PlainObjectMetaMethodSite.doInvoke(PlainObjectMetaMethodSite.java:43)
at org.codehaus.groovy.runtime.callsite.PogoMetaMethodSite$PogoCachedMethodSiteNoUnwrapNoCoerce.invoke(PogoMetaMethodSite.java:198)
at org.codehaus.groovy.runtime.callsite.PogoMetaMethodSite.callCurrent(PogoMetaMethodSite.java:62)
at org.codehaus.groovy.runtime.callsite.CallSiteArray.defaultCallCurrent(CallSiteArray.java:49)
at org.codehaus.groovy.runtime.callsite.AbstractCallSite.callCurrent(AbstractCallSite.java:171)
at org.codehaus.groovy.runtime.callsite.AbstractCallSite.callCurrent(AbstractCallSite.java:185)
at io.restassured.internal.ResponseSpecificationImpl.body(ResponseSpecificationImpl.groovy:107)
at io.restassured.internal.ValidatableResponseOptionsImpl.body(ValidatableResponseOptionsImpl.java:238)
at com.qa.raf.Jsschema.schemaValidator(Jsschema.java:19)
at java.base/jdk.internal.reflect.NativeMethodAccessorImpl.invoke0(Native Method)
at java.base/jdk.internal.reflect.NativeMethodAccessorImpl.invoke(NativeMethodAccessorImpl.java:77)
at java.base/jdk.internal.reflect.DelegatingMethodAccessorImpl.invoke(DelegatingMethodAccessorImpl.java:43)
at java.base/java.lang.reflect.Method.invoke(Method.java:568)
at org.testng.internal.invokers.MethodInvocationHelper.invokeMethod(MethodInvocationHelper.java:139)
at org.testng.internal.invokers.TestInvoker.invokeMethod(TestInvoker.java:677)
at org.testng.internal.invokers.TestInvoker.invokeTestMethod(TestInvoker.java:221)
at org.testng.internal.invokers.MethodRunner.runInSequence(MethodRunner.java:50)
at org.testng.internal.invokers.TestInvoker$MethodInvocationAgent.invoke(TestInvoker.java:962)
at org.testng.internal.invokers.TestInvoker.invokeTestMethods(TestInvoker.java:194)
at org.testng.internal.invokers.TestMethodWorker.invokeTestMethods(TestMethodWorker.java:148)
at org.testng.internal.invokers.TestMethodWorker.run(TestMethodWorker.java:128)
at java.base/java.util.ArrayList.forEach(ArrayList.java:1511)
at org.testng.TestRunner.privateRun(TestRunner.java:806)
at org.testng.TestRunner.run(TestRunner.java:601)
at org.testng.SuiteRunner.runTest(SuiteRunner.java:433)
at org.testng.SuiteRunner.runSequentially(SuiteRunner.java:427)
at org.testng.SuiteRunner.privateRun(SuiteRunner.java:387)
at org.testng.SuiteRunner.run(SuiteRunner.java:330)
at org.testng.SuiteRunnerWorker.runSuite(SuiteRunnerWorker.java:52)
at org.testng.SuiteRunnerWorker.run(SuiteRunnerWorker.java:95)
at org.testng.TestNG.runSuitesSequentially(TestNG.java:1256)
at org.testng.TestNG.runSuitesLocally(TestNG.java:1176)
at org.testng.TestNG.runSuites(TestNG.java:1099)
at org.testng.TestNG.run(TestNG.java:1067)
at org.testng.remote.AbstractRemoteTestNG.run(AbstractRemoteTestNG.java:115)
at org.testng.remote.RemoteTestNG.initAndRun(RemoteTestNG.java:251)
at org.testng.remote.RemoteTestNG.main(RemoteTestNG.java:77)
]]>
    </failure>
  </testcase> <!-- schemaValidator -->
  <system-out/>
</testsuite> <!-- com.qa.raf.Jsschema -->
